<?xml version="1.0" encoding="UTF-8"?>
<!-- Generated by org.testng.reporters.JUnitXMLReporter -->
<testsuite ignored="6" hostname="DESKTOP-SA70GI3" failures="2" tests="6" name="Test(failed)" time="22.508" errors="0" timestamp="2024-05-16T12:42:54 IST">
  <testcase classname="TestNG.AssertTest" name="assertnull" time="0.074">
    <failure type="java.lang.AssertionError" message="expected [null] but found [Facebook – log in or sign up]">
      <![CDATA[java.lang.AssertionError: expected [null] but found [Facebook – log in or sign up]
at TestNG.AssertTest.assertnull(AssertTest.java:86)
at java.base/java.util.ArrayList.forEach(ArrayList.java:1511)
... Removed 29 stack frames]]>
    </failure>
  </testcase> <!-- assertnull -->
  <testcase classname="TestNG.dependsOnMethods" name="verifylaunchapplication" time="0.004"/>
  <testcase classname="TestNG.dependsOnMethods" name="Verifycreateaccountbutton" time="0.006"/>
  <testcase classname="TestNG.dependsOnMethods" name="verifyloginsuccess" time="0.014"/>
  <testcase classname="TestNG.dependsOnMethods" name="Verifynoteuderloginbox" time="0.016"/>
  <testcase classname="TestNG.SoftAssertDemo" name="titlepageTest" time="0.556">
    <failure type="java.lang.AssertionError" message="The following asserts failed:
	Expected result not match Actual resul expected [Google123] but found [Google]">
      <![CDATA[java.lang.AssertionError: The following asserts failed:
Expected result not match Actual resul expected [Google123] but found [Google]
at TestNG.SoftAssertDemo.titlepageTest(SoftAssertDemo.java:72)
at java.base/java.util.ArrayList.forEach(ArrayList.java:1511)
... Removed 27 stack frames]]>
    </failure>
  </testcase> <!-- titlepageTest -->
  <testcase classname="TestNG.dependsOnMethods" name="verifyforgotlink" time="0.0">
    <ignored/>
  </testcase> <!-- verifyforgotlink -->
  <testcase classname="TestNG.SoftAssertDemo" name="gmaillinktest" time="0.0">
    <ignored/>
  </testcase> <!-- gmaillinktest -->
  <testcase classname="TestNG.dependsOnMethods" name="Verifylogodiaplayed" time="0.0">
    <ignored/>
  </testcase> <!-- Verifylogodiaplayed -->
  <testcase classname="TestNG.dependsOnMethods" name="VerifypageTitle" time="0.0">
    <ignored/>
  </testcase> <!-- VerifypageTitle -->
  <testcase classname="TestNG.AssertTest" name="verifyPageTitle" time="0.0">
    <ignored/>
  </testcase> <!-- verifyPageTitle -->
  <testcase classname="TestNG.AssertTest" name="verifylogo" time="0.0">
    <ignored/>
  </testcase> <!-- verifylogo -->
</testsuite> <!-- Test(failed) -->
