<?xml version="1.0" encoding="UTF-8"?>
<testng-results ignored="0" total="3" passed="3" failed="0" skipped="0">
  <reporter-output>
  </reporter-output>
  <suite started-at="2024-05-28T09:31:18 IST" name="Suite" finished-at="2024-05-28T09:31:20 IST" duration-ms="1764">
    <groups>
      <group name="cucumber">
        <method signature="AbstractTestNGCucumberTests.runScenario(io.cucumber.testng.PickleWrapper,io.cucumber.testng.FeatureWrapper)[pri:0, instance:RunnerClass.TestRunnerWithTestNg@5ddeb7cb]" name="runScenario" class="io.cucumber.testng.AbstractTestNGCucumberTests"/>
      </group> <!-- cucumber -->
    </groups>
    <test started-at="2024-05-28T09:31:18 IST" name="Test" finished-at="2024-05-28T09:31:20 IST" duration-ms="1764">
      <class name="RunnerClass.TestRunnerWithTestNg">
        <test-method is-config="true" signature="setUpClass(org.testng.ITestContext)[pri:0, instance:RunnerClass.TestRunnerWithTestNg@5ddeb7cb]" started-at="2024-05-28T09:31:18 IST" name="setUpClass" finished-at="2024-05-28T09:31:20 IST" duration-ms="1284" status="PASS">
          <params>
            <param index="0">
              <value>
                <![CDATA[org.testng.TestRunner@62315f22]]>
              </value>
            </param>
          </params>
          <reporter-output>
          </reporter-output>
        </test-method> <!-- setUpClass -->
        <test-method signature="runScenario(io.cucumber.testng.PickleWrapper,io.cucumber.testng.FeatureWrapper)[pri:0, instance:RunnerClass.TestRunnerWithTestNg@5ddeb7cb]" started-at="2024-05-28T09:31:20 IST" name="runScenario" description="Runs Cucumber Scenarios" data-provider="scenarios" finished-at="2024-05-28T09:31:20 IST" duration-ms="207" status="PASS">
          <params>
            <param index="0">
              <value>
                <![CDATA["User login with valid credentials"]]>
              </value>
            </param>
            <param index="1">
              <value>
                <![CDATA["Free CRM Test"]]>
              </value>
            </param>
          </params>
          <reporter-output>
          </reporter-output>
        </test-method> <!-- runScenario -->
        <test-method signature="runScenario(io.cucumber.testng.PickleWrapper,io.cucumber.testng.FeatureWrapper)[pri:0, instance:RunnerClass.TestRunnerWithTestNg@5ddeb7cb]" started-at="2024-05-28T09:31:20 IST" name="runScenario" description="Runs Cucumber Scenarios" data-provider="scenarios" finished-at="2024-05-28T09:31:20 IST" duration-ms="25" status="PASS">
          <params>
            <param index="0">
              <value>
                <![CDATA["User create contact Test"]]>
              </value>
            </param>
            <param index="1">
              <value>
                <![CDATA["Free CRM Test"]]>
              </value>
            </param>
          </params>
          <reporter-output>
          </reporter-output>
        </test-method> <!-- runScenario -->
        <test-method signature="runScenario(io.cucumber.testng.PickleWrapper,io.cucumber.testng.FeatureWrapper)[pri:0, instance:RunnerClass.TestRunnerWithTestNg@5ddeb7cb]" started-at="2024-05-28T09:31:20 IST" name="runScenario" description="Runs Cucumber Scenarios" data-provider="scenarios" finished-at="2024-05-28T09:31:20 IST" duration-ms="20" status="PASS">
          <params>
            <param index="0">
              <value>
                <![CDATA["User create Task Test"]]>
              </value>
            </param>
            <param index="1">
              <value>
                <![CDATA["Free CRM Test"]]>
              </value>
            </param>
          </params>
          <reporter-output>
          </reporter-output>
        </test-method> <!-- runScenario -->
        <test-method is-config="true" signature="tearDownClass()[pri:0, instance:RunnerClass.TestRunnerWithTestNg@5ddeb7cb]" started-at="2024-05-28T09:31:20 IST" name="tearDownClass" finished-at="2024-05-28T09:31:20 IST" duration-ms="77" status="PASS">
          <reporter-output>
          </reporter-output>
        </test-method> <!-- tearDownClass -->
      </class> <!-- RunnerClass.TestRunnerWithTestNg -->
    </test> <!-- Test -->
  </suite> <!-- Suite -->
</testng-results>
